<?xml version="1.0" encoding="UTF-8"?>
<!-- Generated by org.testng.reporters.JUnitReportReporter -->
<testsuite name="myTestPackage.LoginPage" tests="1" time="23.070" ignored="0" failures="0" timestamp="01 Mar 2022 21:03:45 GMT" skipped="0" hostname="DESKTOP-5OOBJT0" errors="0">
  <testcase name="LoginPageNavigation" time="23.070" classname="myTestPackage.LoginPage"/>
</testsuite> <!-- myTestPackage.LoginPage -->
